<?xml version="1.0" encoding="UTF-8"?>
<!-- Generated by org.testng.reporters.JUnitReportReporter -->
<testsuite hostname="Swaminarayan" name="com.testing.ExtentReportWithTestNGDemo" tests="1" failures="0" timestamp="11 Aug 2021 17:49:30 GMT" time="8.903" errors="0">
  <testcase name="indiaSearchTest" time="8.903" classname="com.testing.ExtentReportWithTestNGDemo"/>
</testsuite> <!-- com.testing.ExtentReportWithTestNGDemo -->
